2024-12-16 07:20:14,382 INFO  - Starting HiveMQ Community Edition Server
2024-12-16 07:20:14,384 INFO  - HiveMQ version: 2024.9
2024-12-16 07:20:14,384 INFO  - HiveMQ home directory: /opt/hivemq
2024-12-16 07:20:14,454 INFO  - Log Configuration was overridden by /opt/hivemq/conf/logback.xml
2024-12-16 07:20:14,630 INFO  - This HiveMQ ID is FE7lM
2024-12-16 07:20:16,120 INFO  - Starting with file persistence mode.
2024-12-16 07:20:16,182 INFO  - Starting with Diagnostic mode
2024-12-16 07:20:16,531 INFO  - Creating 'diagnostics' folder in HiveMQ home folder: /opt/hivemq
2024-12-16 07:20:16,532 INFO  - Creating Diagnostics file: /opt/hivemq/diagnostics/diagnostics.txt
2024-12-16 07:20:16,543 INFO  - Creating trace log /opt/hivemq/diagnostics/tracelog.log
2024-12-16 07:20:16,592 INFO  - Starting HiveMQ extension system.
2024-12-16 07:20:16,627 WARN  - 
################################################################################################################
# This HiveMQ deployment is not secure! You are lacking Authentication and Authorization.                      #
# Right now any MQTT client can connect to the broker with a full set of permissions.                          #
# For production usage, add an appropriate security extension and remove the hivemq-allow-all extension.       #
# You can download security extensions from the HiveMQ Marketplace (https://www.hivemq.com/extensions/).       #
################################################################################################################
2024-12-16 07:20:16,629 INFO  - Extension "Allow All Extension" version 1.1.0 started successfully.
2024-12-16 07:20:16,658 INFO  - Starting TCP listener on address 0.0.0.0 and port 1883
2024-12-16 07:20:16,685 INFO  - Starting Websocket listener on address 0.0.0.0 and port 8000
2024-12-16 07:20:16,688 INFO  - Started TCP Listener on address 0.0.0.0 and on port 1883.
2024-12-16 07:20:16,689 INFO  - Started Websocket Listener on address 0.0.0.0 and on port 8000.
2024-12-16 07:20:16,689 INFO  - Started HiveMQ in 2309ms
